mode: set
g.echo.tech/dev/sac/internal/auth/handler.go:21.62,23.2 1 1
g.echo.tech/dev/sac/internal/auth/handler.go:25.44,27.29 2 1
g.echo.tech/dev/sac/internal/auth/handler.go:27.29,29.3 1 0
g.echo.tech/dev/sac/internal/auth/handler.go:31.2,31.65 1 1
g.echo.tech/dev/sac/internal/auth/handler.go:31.65,34.3 2 1
g.echo.tech/dev/sac/internal/auth/handler.go:35.2,35.27 1 1
g.echo.tech/dev/sac/internal/auth/handler.go:35.27,38.3 2 1
g.echo.tech/dev/sac/internal/auth/handler.go:40.2,46.16 3 1
g.echo.tech/dev/sac/internal/auth/handler.go:46.16,49.3 2 0
g.echo.tech/dev/sac/internal/auth/handler.go:50.2,50.12 1 1
g.echo.tech/dev/sac/internal/auth/handler.go:50.12,53.3 2 1
g.echo.tech/dev/sac/internal/auth/handler.go:55.2,56.16 2 1
g.echo.tech/dev/sac/internal/auth/handler.go:56.16,59.3 2 0
g.echo.tech/dev/sac/internal/auth/handler.go:61.2,72.16 3 1
g.echo.tech/dev/sac/internal/auth/handler.go:72.16,75.3 2 0
g.echo.tech/dev/sac/internal/auth/handler.go:77.2,78.16 2 1
g.echo.tech/dev/sac/internal/auth/handler.go:78.16,81.3 2 0
g.echo.tech/dev/sac/internal/auth/handler.go:83.2,86.4 1 1
g.echo.tech/dev/sac/internal/auth/handler.go:89.41,91.29 2 1
g.echo.tech/dev/sac/internal/auth/handler.go:91.29,93.3 1 0
g.echo.tech/dev/sac/internal/auth/handler.go:95.2,95.46 1 1
g.echo.tech/dev/sac/internal/auth/handler.go:95.46,98.3 2 1
g.echo.tech/dev/sac/internal/auth/handler.go:100.2,106.16 4 1
g.echo.tech/dev/sac/internal/auth/handler.go:106.16,109.3 2 1
g.echo.tech/dev/sac/internal/auth/handler.go:111.2,111.57 1 1
g.echo.tech/dev/sac/internal/auth/handler.go:111.57,114.3 2 1
g.echo.tech/dev/sac/internal/auth/handler.go:116.2,117.16 2 1
g.echo.tech/dev/sac/internal/auth/handler.go:117.16,120.3 2 0
g.echo.tech/dev/sac/internal/auth/handler.go:122.2,125.4 1 1
g.echo.tech/dev/sac/internal/auth/handler.go:128.50,134.16 5 1
g.echo.tech/dev/sac/internal/auth/handler.go:134.16,137.3 2 1
g.echo.tech/dev/sac/internal/auth/handler.go:139.2,139.45 1 1
g.echo.tech/dev/sac/internal/auth/handler.go:142.47,144.16 2 1
g.echo.tech/dev/sac/internal/auth/handler.go:144.16,147.3 2 1
g.echo.tech/dev/sac/internal/auth/handler.go:149.2,156.16 4 1
g.echo.tech/dev/sac/internal/auth/handler.go:156.16,159.3 2 0
g.echo.tech/dev/sac/internal/auth/handler.go:161.2,162.23 2 1
g.echo.tech/dev/sac/internal/auth/handler.go:162.23,164.3 1 1
g.echo.tech/dev/sac/internal/auth/handler.go:165.2,165.24 1 1
g.echo.tech/dev/sac/internal/auth/handler.go:168.87,169.19 1 0
g.echo.tech/dev/sac/internal/auth/handler.go:169.19,172.3 2 0
g.echo.tech/dev/sac/internal/auth/handler.go:173.2,173.22 1 0
g.echo.tech/dev/sac/internal/auth/handler.go:173.22,176.3 2 0
g.echo.tech/dev/sac/internal/auth/jwt.go:21.47,23.2 1 1
g.echo.tech/dev/sac/internal/auth/jwt.go:25.89,37.2 3 1
g.echo.tech/dev/sac/internal/auth/jwt.go:39.73,40.104 1 1
g.echo.tech/dev/sac/internal/auth/jwt.go:40.104,41.58 1 1
g.echo.tech/dev/sac/internal/auth/jwt.go:41.58,43.4 1 0
g.echo.tech/dev/sac/internal/auth/jwt.go:44.3,44.23 1 1
g.echo.tech/dev/sac/internal/auth/jwt.go:46.2,46.16 1 1
g.echo.tech/dev/sac/internal/auth/jwt.go:46.16,48.3 1 1
g.echo.tech/dev/sac/internal/auth/jwt.go:49.2,50.25 2 1
g.echo.tech/dev/sac/internal/auth/jwt.go:50.25,52.3 1 0
g.echo.tech/dev/sac/internal/auth/jwt.go:53.2,53.20 1 1
g.echo.tech/dev/sac/internal/auth/middleware.go:10.61,11.30 1 0
g.echo.tech/dev/sac/internal/auth/middleware.go:11.30,13.23 2 0
g.echo.tech/dev/sac/internal/auth/middleware.go:13.23,17.4 3 0
g.echo.tech/dev/sac/internal/auth/middleware.go:19.3,20.32 2 0
g.echo.tech/dev/sac/internal/auth/middleware.go:20.32,24.4 3 0
g.echo.tech/dev/sac/internal/auth/middleware.go:26.3,27.17 2 0
g.echo.tech/dev/sac/internal/auth/middleware.go:27.17,31.4 3 0
g.echo.tech/dev/sac/internal/auth/middleware.go:33.3,36.11 4 0
g.echo.tech/dev/sac/internal/auth/password.go:5.52,8.2 2 1
g.echo.tech/dev/sac/internal/auth/password.go:10.52,13.2 2 1
